<?xml version="1.0" encoding="UTF-8"?>
<!-- Generated by org.testng.reporters.JUnitXMLReporter -->
<testsuite hostname="DESKTOP-O7OOB5S" ignored="0" name="platform_desktop" tests="4" failures="0" timestamp="2021-01-22T22:16:39 IST" time="101.811" errors="0">
  <testcase name="validateLogin" time="14.327" classname="workspace.AmazonDemo"/>
  <testcase name="validateLogout" time="14.742" classname="workspace.AmazonDemo"/>
  <testcase name="validateSearch" time="6.556" classname="workspace.AmazonDemo"/>
  <testcase name="validateAddToCart" time="15.724" classname="workspace.AmazonDemo"/>
</testsuite> <!-- platform_desktop -->
